<?xml version="1.0" encoding="UTF-8"?>
<!-- Generated by org.testng.reporters.JUnitReportReporter -->
<testsuite hostname="miss" name="ua.pp.krotov.FirstPageObjectTest" tests="1" failures="0" timestamp="16 Nov 2017 14:16:40 GMT" time="16.140" errors="0">
  <testcase name="loginToProline" time="16.140" classname="ua.pp.krotov.FirstPageObjectTest"/>
</testsuite> <!-- ua.pp.krotov.FirstPageObjectTest -->
